<?xml version="1.0" encoding="utf-8"?>
<beans xmlns="http://www.springframework.org/schema/beans"
     xmlns:xsi="http://www.w3.org/2001/XMLSchema-instance"
     xmlns:aop="http://www.springframework.org/schema/aop"
     xmlns:tx="http://www.springframework.org/schema/tx"
     xmlns:jdbc="http://www.springframework.org/schema/jdbc"
     xmlns:context="http://www.springframework.org/schema/context"
     xsi:schemaLocation="
     http://www.springframework.org/schema/context http://www.springframework.org/schema/context/spring-context-3.0.xsd
     http://www.springframework.org/schema/beans http://www.springframework.org/schema/beans/spring-beans-3.0.xsd
     http://www.springframework.org/schema/jdbc http://www.springframework.org/schema/jdbc/spring-jdbc-3.0.xsd
     http://www.springframework.org/schema/tx http://www.springframework.org/schema/tx/spring-tx-3.0.xsd
     http://www.springframework.org/schema/aop http://www.springframework.org/schema/aop/spring-aop-3.0.xsd">
  	 
     <context:component-scan base-package="com.dpf"/>
     
     <bean id="dataSource"
		class="org.springframework.jdbc.datasource.DriverManagerDataSource">
		<property name="driverClassName" value="oracle.jdbc.driver.OracleDriver"></property>
		<property name="url" value="jdbc:oracle:thin:@192.25.103.49:1521:afadev"></property>
		<property name="username" value="crmii"></property>
		<property name="password" value="cfpt2011"></property>
	 </bean>
	
	<!-- 这里使用Spring自带的DriverManagerDataSource，实际开发产品应该使用具有连接持管理的DataSource等 -->
	<tx:advice id="txAdvice" transaction-manager="txManager">
		<tx:attributes>
			<tx:method name="*" propagation="REQUIRED"/>
		</tx:attributes>
	</tx:advice>

	<!-- 配置哪些类的方法需要进行事务管理 -->
	<aop:config>
		<aop:pointcut id="allManagerMethod"
			expression="execution(* com.dpf.services..*.*(..))" />
		<aop:advisor advice-ref="txAdvice"
			pointcut-ref="allManagerMethod" />
	</aop:config>

	<bean id="txManager"
		class="org.springframework.jdbc.datasource.DataSourceTransactionManager">
		<property name="dataSource" ref="dataSource" />
	</bean>
	
	<bean id="sqlSessionFactory" class="org.mybatis.spring.SqlSessionFactoryBean">
        <property name="dataSource" ref="dataSource" />
        <property name="typeAliasesPackage" value="com.dpf.domain" />
    </bean>
    
    <bean class="org.mybatis.spring.mapper.MapperScannerConfigurer">
        <property name="basePackage" value="com.dpf.dao;" />
    </bean>
   <bean id="nativeJdbcExtractor" lazy-init="true" class="org.springframework.jdbc.support.nativejdbc.CommonsDbcpNativeJdbcExtractor"></bean>
    <bean id="jdbcTemplate"
        class="org.springframework.jdbc.core.JdbcTemplate" abstract="false"
        lazy-init="false" autowire="default" >
        <property name="dataSource">
            <ref bean="dataSource" />
        </property>
        <property name="nativeJdbcExtractor">
            <ref bean="nativeJdbcExtractor" />
        </property>
    </bean>
</beans>     